<?xml version="1.0" encoding="UTF-8"?>
<!-- Generated by org.testng.reporters.JUnitReportReporter -->
<testsuite hostname="Satish" name="pageload.R1" tests="1" failures="0" timestamp="19 Feb 2019 16:25:19 GMT" time="13.764" errors="0">
  <testcase name="dateTimepicker" time="13.764" classname="pageload.R1"/>
</testsuite> <!-- pageload.R1 -->
