<?xml version="1.0" encoding="UTF-8"?>
<!-- Generated by org.testng.reporters.JUnitReportReporter -->
<testsuite hostname="Satish" name="pageload.Mydate" tests="1" failures="0" timestamp="19 Feb 2019 16:36:13 GMT" time="9.895" errors="0">
  <testcase name="dateTimePicker" time="9.895" classname="pageload.Mydate"/>
</testsuite> <!-- pageload.Mydate -->
