<?xml version="1.0" encoding="UTF-8"?>
<!-- Generated by org.testng.reporters.JUnitReportReporter -->
<testsuite hostname="Satish" name="pageload.SA" tests="1" failures="0" timestamp="10 Feb 2019 15:55:51 GMT" time="14.198" errors="0">
  <testcase name="login" time="14.198" classname="pageload.SA"/>
</testsuite> <!-- pageload.SA -->
